SF:lib/core/errors/base_exception.dart
DA:8,3
LF:1
LH:1
end_of_record
SF:lib/core/errors/default_exception.dart
DA:16,3
LF:1
LH:1
end_of_record
SF:lib/core/output/async_output.dart
DA:41,1
DA:51,1
DA:52,3
DA:62,1
DA:63,3
DA:77,1
DA:81,1
DA:82,1
DA:94,1
DA:95,1
DA:96,2
DA:97,2
DA:98,2
DA:99,3
DA:116,1
DA:117,1
DA:118,2
DA:119,2
DA:120,3
DA:121,3
DA:133,1
DA:134,2
DA:144,2
LF:23
LH:23
end_of_record
SF:lib/core/output/base_output.dart
DA:42,4
DA:54,2
DA:55,2
LF:3
LH:3
end_of_record
SF:lib/core/output/either.dart
DA:33,11
DA:36,11
DA:51,4
DA:57,1
DA:58,1
DA:64,1
DA:66,3
DA:69,1
DA:70,1
DA:82,2
DA:83,8
DA:86,2
DA:87,8
DA:100,2
DA:104,2
DA:119,3
DA:121,3
DA:123,6
DA:138,3
DA:140,3
DA:142,6
DA:151,3
DA:152,3
DA:160,6
DA:165,2
LF:25
LH:25
end_of_record
SF:lib/core/output/unit.dart
DA:28,5
LF:1
LH:1
end_of_record
SF:lib/main.dart
DA:3,0
DA:4,0
DA:8,2
DA:11,1
DA:13,1
DA:15,1
DA:31,1
DA:40,1
DA:53,1
DA:54,1
DA:60,1
DA:61,2
DA:67,2
DA:71,1
DA:79,1
DA:80,1
DA:84,3
DA:87,3
DA:89,1
DA:92,1
DA:107,1
DA:111,1
DA:112,2
DA:113,3
DA:118,1
DA:119,1
LF:26
LH:24
end_of_record
