SF:lib/core/contracts/command.dart
DA:30,2
DA:36,3
DA:39,3
DA:42,3
DA:45,3
DA:48,1
DA:49,1
DA:50,1
DA:61,1
DA:62,1
DA:64,1
DA:65,1
DA:66,1
DA:69,2
DA:71,0
DA:73,1
DA:74,1
DA:99,1
DA:102,3
DA:127,1
DA:130,1
DA:131,1
DA:132,4
DA:136,2
DA:164,1
DA:167,1
DA:168,1
DA:169,1
DA:170,4
DA:174,2
DA:177,2
LF:31
LH:30
end_of_record
SF:lib/core/errors/base_exception.dart
DA:8,16
LF:1
LH:1
end_of_record
SF:lib/core/contracts/entity.dart
DA:22,4
DA:33,1
DA:36,0
DA:38,0
DA:39,0
LF:5
LH:2
end_of_record
SF:lib/core/contracts/value_object.dart
DA:15,9
DA:24,0
DA:25,0
DA:29,1
DA:31,4
DA:34,1
DA:35,2
LF:7
LH:5
end_of_record
SF:lib/core/contracts/view_model.dart
DA:39,2
DA:45,2
DA:51,3
DA:57,0
DA:58,0
DA:64,1
DA:66,2
DA:73,1
DA:75,2
DA:89,1
DA:91,4
DA:93,1
DA:96,2
DA:97,3
DA:100,1
DA:101,2
DA:115,1
DA:117,4
DA:120,2
DA:121,3
DA:124,2
DA:136,1
DA:137,1
DA:138,1
DA:151,1
DA:152,1
DA:153,2
DA:154,1
LF:28
LH:26
end_of_record
SF:lib/core/contracts/value_objects_types/amount_vo.dart
DA:5,7
DA:7,8
DA:9,8
DA:11,5
DA:13,10
DA:14,8
DA:17,5
DA:20,1
DA:21,1
DA:22,2
DA:25,1
DA:26,1
DA:27,2
DA:30,1
DA:32,2
DA:35,1
LF:16
LH:16
end_of_record
SF:lib/core/contracts/value_objects_types/percentage_vo.dart
DA:5,6
DA:7,8
DA:9,8
DA:11,4
DA:13,16
DA:14,4
DA:17,4
DA:20,1
DA:21,1
DA:22,2
DA:25,1
DA:26,1
DA:27,1
DA:30,1
DA:32,2
DA:35,1
DA:38,3
DA:40,6
DA:41,2
DA:44,12
DA:46,9
DA:47,0
DA:50,3
LF:23
LH:22
end_of_record
SF:lib/core/contracts/value_objects_types/url_imagem_vo.dart
DA:8,6
DA:11,8
DA:14,8
DA:24,4
DA:26,4
DA:31,8
DA:32,4
DA:35,4
LF:8
LH:8
end_of_record
SF:lib/core/errors/default_exception.dart
DA:16,6
DA:43,9
DA:65,5
LF:3
LH:3
end_of_record
SF:lib/core/output/async_output.dart
DA:42,6
DA:45,2
DA:46,4
DA:49,2
DA:53,1
DA:54,3
DA:55,2
DA:56,3
DA:61,2
DA:62,6
DA:63,4
DA:64,4
DA:69,4
DA:72,1
DA:74,3
DA:75,3
DA:76,2
DA:81,1
DA:83,3
DA:87,1
DA:88,5
DA:92,1
DA:93,5
DA:97,1
DA:98,2
DA:99,1
DA:100,1
DA:101,1
DA:102,1
DA:104,2
DA:110,1
DA:111,2
DA:112,1
DA:113,2
DA:114,1
DA:115,1
DA:116,1
LF:37
LH:37
end_of_record
SF:lib/core/output/base_output.dart
DA:42,24
DA:54,12
DA:55,12
LF:3
LH:3
end_of_record
SF:lib/core/output/either.dart
DA:33,30
DA:36,38
DA:51,4
DA:57,1
DA:58,1
DA:64,1
DA:66,3
DA:69,1
DA:70,1
DA:82,6
DA:83,12
DA:86,2
DA:87,8
DA:100,2
DA:104,2
DA:119,14
DA:121,14
DA:123,28
DA:138,14
DA:140,10
DA:142,20
DA:151,14
DA:152,14
DA:160,28
DA:165,2
LF:25
LH:25
end_of_record
SF:lib/core/output/unit.dart
DA:28,21
LF:1
LH:1
end_of_record
SF:lib/core/services/client/rest_client_exception.dart
DA:40,2
DA:50,1
DA:52,5
LF:3
LH:3
end_of_record
SF:lib/core/services/client/rest_client_request.dart
DA:33,4
DA:53,1
DA:63,1
DA:64,1
DA:65,1
DA:66,1
DA:67,1
DA:68,1
DA:69,1
DA:70,1
DA:71,1
DA:100,1
DA:101,1
DA:112,1
DA:114,1
DA:115,1
DA:116,1
DA:117,1
DA:118,1
LF:19
LH:19
end_of_record
SF:lib/core/services/client/rest_client_response.dart
DA:20,2
DA:28,1
DA:29,5
LF:3
LH:3
end_of_record
SF:lib/domain/dto/category_items_dto.dart
DA:9,5
DA:11,3
DA:13,6
DA:14,1
DA:15,1
DA:17,9
DA:18,3
DA:21,3
DA:24,3
DA:25,3
DA:26,3
DA:27,6
DA:31,3
DA:32,3
DA:33,3
DA:34,6
DA:38,3
DA:40,1
DA:41,2
LF:19
LH:19
end_of_record
SF:lib/core/services/client/http/http_impl.dart
DA:10,1
DA:17,1
DA:19,2
DA:20,0
DA:22,4
DA:25,4
DA:27,1
DA:28,1
DA:29,1
DA:30,1
DA:31,4
DA:35,1
DA:36,2
DA:37,2
DA:40,2
DA:41,1
DA:43,1
DA:44,1
DA:45,1
DA:46,2
DA:47,1
DA:48,2
DA:49,0
DA:50,0
DA:51,0
DA:52,0
DA:53,0
DA:54,0
DA:59,2
DA:61,4
DA:62,1
DA:64,1
DA:65,1
DA:66,1
DA:67,1
DA:68,1
DA:69,1
DA:72,2
DA:76,1
DA:78,1
DA:80,1
DA:81,1
DA:84,1
DA:86,1
DA:87,1
DA:91,1
DA:92,1
DA:94,1
DA:97,0
DA:104,1
DA:105,2
DA:106,0
DA:109,1
DA:110,1
DA:111,1
DA:113,1
DA:120,2
DA:122,1
DA:124,1
DA:127,1
DA:129,2
DA:132,1
DA:134,2
DA:135,4
DA:139,1
DA:141,1
DA:142,1
LF:67
LH:58
end_of_record
SF:lib/data/datasources/motels/motels_client_http.dart
DA:10,1
DA:12,1
DA:14,3
DA:15,2
DA:16,2
DA:19,1
DA:20,1
DA:21,1
DA:22,1
DA:24,1
DA:26,1
DA:29,2
DA:30,3
LF:13
LH:13
end_of_record
SF:lib/data/url_contracts.dart
DA:2,3
LF:1
LH:1
end_of_record
SF:lib/data/repositories/motels/remote_motels_repository.dart
DA:11,1
DA:13,1
DA:15,3
LF:3
LH:3
end_of_record
SF:lib/domain/entities/motels_entity.dart
DA:12,3
DA:17,3
DA:19,3
DA:21,6
DA:22,4
DA:24,9
DA:25,3
DA:27,6
DA:28,2
DA:31,6
DA:32,6
DA:33,2
DA:36,3
DA:39,1
DA:40,1
DA:41,1
DA:42,2
DA:43,1
DA:44,5
DA:48,1
DA:49,1
DA:50,1
DA:51,2
DA:52,1
DA:53,1
DA:54,4
DA:58,3
DA:60,1
DA:61,2
LF:29
LH:29
end_of_record
SF:lib/data/adapters/motels/go_now_list_adapter.dart
DA:8,2
DA:10,4
DA:11,2
DA:12,2
DA:13,2
DA:15,2
DA:16,2
DA:19,2
DA:20,2
DA:21,2
DA:23,1
DA:24,2
DA:28,2
DA:30,2
DA:31,2
DA:32,4
DA:33,2
DA:34,2
DA:35,2
DA:36,2
DA:37,2
DA:40,4
DA:41,1
DA:42,2
DA:44,1
DA:47,1
DA:48,2
DA:52,2
DA:54,2
DA:55,2
DA:56,2
DA:57,2
DA:58,6
DA:59,2
DA:60,2
DA:61,2
DA:62,6
DA:63,2
DA:64,2
DA:65,2
DA:66,2
DA:67,2
DA:68,2
DA:69,2
DA:70,2
DA:71,2
DA:74,4
DA:75,0
DA:76,2
DA:78,1
DA:81,1
DA:82,2
DA:86,2
DA:88,2
DA:89,2
DA:90,4
DA:93,4
DA:94,0
DA:95,2
DA:97,0
DA:100,0
DA:104,2
DA:107,8
DA:109,8
DA:111,2
DA:112,2
DA:116,2
DA:118,4
DA:119,0
DA:120,2
DA:122,1
DA:125,0
LF:72
LH:66
end_of_record
SF:lib/domain/dto/room_periods_dto.dart
DA:11,5
DA:18,3
DA:20,6
DA:21,2
DA:23,9
DA:24,3
DA:26,9
DA:27,3
DA:29,9
DA:30,3
DA:33,3
DA:36,3
DA:37,3
DA:38,3
DA:39,6
DA:40,6
DA:41,6
DA:45,3
DA:46,3
DA:47,3
DA:48,6
DA:49,6
DA:50,6
DA:54,3
DA:56,1
DA:57,2
LF:26
LH:26
end_of_record
SF:lib/domain/entities/rooms_entity.dart
DA:14,4
DA:20,4
DA:22,3
DA:24,6
DA:25,2
DA:27,6
DA:28,2
DA:30,6
DA:31,6
DA:32,2
DA:35,6
DA:36,6
DA:37,2
DA:40,6
DA:41,2
DA:43,6
DA:44,6
DA:45,2
DA:49,3
DA:52,2
DA:53,2
DA:54,2
DA:55,10
DA:56,2
DA:57,10
DA:58,10
DA:62,2
DA:63,2
DA:64,2
DA:65,2
DA:66,8
DA:67,4
DA:68,2
DA:69,8
DA:70,2
DA:71,8
DA:75,3
DA:77,1
DA:78,2
LF:39
LH:39
end_of_record
